0 info it worked if it ends with ok
1 verbose cli [ '/usr/local/bin/node',
1 verbose cli   '/usr/local/bin/npm',
1 verbose cli   'install',
1 verbose cli   '--save',
1 verbose cli   'react-native-snap-camera' ]
2 info using npm@3.10.8
3 info using node@v6.9.1
4 silly loadCurrentTree Starting
5 silly install loadCurrentTree
6 silly install readLocalPackageData
7 silly fetchPackageMetaData react-native-snap-camera
8 silly fetchNamedPackageData react-native-snap-camera
9 silly mapToRegistry name react-native-snap-camera
10 silly mapToRegistry using default registry
11 silly mapToRegistry registry https://registry.npmjs.org/
12 silly mapToRegistry data Result {
12 silly mapToRegistry   raw: 'react-native-snap-camera',
12 silly mapToRegistry   scope: null,
12 silly mapToRegistry   escapedName: 'react-native-snap-camera',
12 silly mapToRegistry   name: 'react-native-snap-camera',
12 silly mapToRegistry   rawSpec: '',
12 silly mapToRegistry   spec: 'latest',
12 silly mapToRegistry   type: 'tag' }
13 silly mapToRegistry uri https://registry.npmjs.org/react-native-snap-camera
14 verbose request uri https://registry.npmjs.org/react-native-snap-camera
15 verbose request no auth needed
16 info attempt registry request try #1 at 12:32:27 PM
17 verbose request id d08c25e2f0ad28a5
18 verbose etag W/"59283037-2034"
19 verbose lastModified Fri, 26 May 2017 13:40:07 GMT
20 http request GET https://registry.npmjs.org/react-native-snap-camera
21 http 304 https://registry.npmjs.org/react-native-snap-camera
22 verbose headers { date: 'Sat, 27 May 2017 11:32:28 GMT',
22 verbose headers   via: '1.1 varnish',
22 verbose headers   'cache-control': 'max-age=300',
22 verbose headers   etag: 'W/"59283037-2034"',
22 verbose headers   age: '35',
22 verbose headers   connection: 'keep-alive',
22 verbose headers   'x-served-by': 'cache-lhr6342-LHR',
22 verbose headers   'x-cache': 'HIT',
22 verbose headers   'x-cache-hits': '1',
22 verbose headers   'x-timer': 'S1495884748.069611,VS0,VE0',
22 verbose headers   vary: 'Accept-Encoding' }
23 silly get cb [ 304,
23 silly get   { date: 'Sat, 27 May 2017 11:32:28 GMT',
23 silly get     via: '1.1 varnish',
23 silly get     'cache-control': 'max-age=300',
23 silly get     etag: 'W/"59283037-2034"',
23 silly get     age: '35',
23 silly get     connection: 'keep-alive',
23 silly get     'x-served-by': 'cache-lhr6342-LHR',
23 silly get     'x-cache': 'HIT',
23 silly get     'x-cache-hits': '1',
23 silly get     'x-timer': 'S1495884748.069611,VS0,VE0',
23 silly get     vary: 'Accept-Encoding' } ]
24 verbose etag https://registry.npmjs.org/react-native-snap-camera from cache
25 verbose get saving react-native-snap-camera to /Users/xinwang/.npm/registry.npmjs.org/react-native-snap-camera/.cache.json
26 verbose correctMkdir /Users/xinwang/.npm correctMkdir not in flight; initializing
27 silly install normalizeTree
28 silly loadCurrentTree Finishing
29 silly loadIdealTree Starting
30 silly install loadIdealTree
31 silly cloneCurrentTree Starting
32 silly install cloneCurrentTreeToIdealTree
33 silly cloneCurrentTree Finishing
34 silly loadShrinkwrap Starting
35 silly install loadShrinkwrap
36 silly loadShrinkwrap Finishing
37 silly loadAllDepsIntoIdealTree Starting
38 silly install loadAllDepsIntoIdealTree
39 silly resolveWithNewModule react-native-snap-camera@1.0.5 checking installable status
40 silly cache add args [ 'react-native-snap-camera', null ]
41 verbose cache add spec react-native-snap-camera
42 silly cache add parsed spec Result {
42 silly cache add   raw: 'react-native-snap-camera',
42 silly cache add   scope: null,
42 silly cache add   escapedName: 'react-native-snap-camera',
42 silly cache add   name: 'react-native-snap-camera',
42 silly cache add   rawSpec: '',
42 silly cache add   spec: 'latest',
42 silly cache add   type: 'tag' }
43 silly addNamed react-native-snap-camera@latest
44 verbose addNamed "latest" is being treated as a dist-tag for react-native-snap-camera
45 info addNameTag [ 'react-native-snap-camera', 'latest' ]
46 silly mapToRegistry name react-native-snap-camera
47 silly mapToRegistry using default registry
48 silly mapToRegistry registry https://registry.npmjs.org/
49 silly mapToRegistry data Result {
49 silly mapToRegistry   raw: 'react-native-snap-camera',
49 silly mapToRegistry   scope: null,
49 silly mapToRegistry   escapedName: 'react-native-snap-camera',
49 silly mapToRegistry   name: 'react-native-snap-camera',
49 silly mapToRegistry   rawSpec: '',
49 silly mapToRegistry   spec: 'latest',
49 silly mapToRegistry   type: 'tag' }
50 silly mapToRegistry uri https://registry.npmjs.org/react-native-snap-camera
51 verbose addNameTag registry:https://registry.npmjs.org/react-native-snap-camera not in flight; fetching
52 verbose get https://registry.npmjs.org/react-native-snap-camera not expired, no request
53 silly addNameTag next cb for react-native-snap-camera with tag latest
54 silly addNamed react-native-snap-camera@1.0.5
55 verbose addNamed "1.0.5" is a plain semver version for react-native-snap-camera
56 silly cache afterAdd react-native-snap-camera@1.0.5
57 verbose afterAdd /Users/xinwang/.npm/react-native-snap-camera/1.0.5/package/package.json not in flight; writing
58 verbose correctMkdir /Users/xinwang/.npm correctMkdir not in flight; initializing
59 verbose afterAdd /Users/xinwang/.npm/react-native-snap-camera/1.0.5/package/package.json written
60 silly loadAllDepsIntoIdealTree Finishing
61 silly loadIdealTree Finishing
62 silly currentTree SnapApp
62 silly currentTree └── react-native-snap-camera@1.0.5
63 silly idealTree SnapApp
63 silly idealTree └── react-native-snap-camera@1.0.5
64 silly generateActionsToTake Starting
65 silly install generateActionsToTake
66 warn checkPermissions Missing write access to /Users/xinwang/code/SnapApp/node_modules
67 silly rollbackFailedOptional Starting
68 silly rollbackFailedOptional Finishing
69 silly runTopLevelLifecycles Finishing
70 silly install printInstalled
71 warn enoent ENOENT: no such file or directory, open '/Users/xinwang/code/SnapApp/package.json'
72 verbose enoent ENOENT: no such file or directory, open '/Users/xinwang/code/SnapApp/package.json'
72 verbose enoent This is most likely not a problem with npm itself
72 verbose enoent and is related to npm not being able to find a file.
73 warn react-native-snap-camera@1.0.5 requires a peer of expo@* but none was installed.
74 verbose If you need help, you may report this error at:
74 verbose     <https://github.com/npm/npm/issues>
75 warn SnapApp No description
76 verbose If you need help, you may report this error at:
76 verbose     <https://github.com/npm/npm/issues>
77 warn SnapApp No repository field.
78 verbose If you need help, you may report this error at:
78 verbose     <https://github.com/npm/npm/issues>
79 warn SnapApp No README data
80 verbose If you need help, you may report this error at:
80 verbose     <https://github.com/npm/npm/issues>
81 warn SnapApp No license field.
82 verbose If you need help, you may report this error at:
82 verbose     <https://github.com/npm/npm/issues>
83 verbose stack Error: EACCES: permission denied, access '/Users/xinwang/code/SnapApp/node_modules'
83 verbose stack     at Error (native)
84 verbose cwd /Users/xinwang/code/SnapApp
85 error Darwin 16.0.0
86 error argv "/usr/local/bin/node" "/usr/local/bin/npm" "install" "--save" "react-native-snap-camera"
87 error node v6.9.1
88 error npm  v3.10.8
89 error path /Users/xinwang/code/SnapApp/node_modules
90 error code EACCES
91 error errno -13
92 error syscall access
93 error Error: EACCES: permission denied, access '/Users/xinwang/code/SnapApp/node_modules'
93 error     at Error (native)
93 error  { Error: EACCES: permission denied, access '/Users/xinwang/code/SnapApp/node_modules'
93 error     at Error (native)
93 error   errno: -13,
93 error   code: 'EACCES',
93 error   syscall: 'access',
93 error   path: '/Users/xinwang/code/SnapApp/node_modules' }
94 error Please try running this command again as root/Administrator.
95 verbose exit [ -13, true ]
